<?xml version="1.0" encoding="UTF-8"?>
<!-- Generated by org.testng.reporters.JUnitReportReporter -->
<testsuite hostname="LIN-5CG1196S4W" failures="0" tests="1" name="TestRunner.APRunner" time="27.918" errors="0" timestamp="2024-04-18T09:07:04 IST" skipped="0">
  <testcase classname="TestRunner.APRunner" name="runScenario" time="27.918"/>
</testsuite> <!-- TestRunner.APRunner -->
